Determining if the pthread_create exist failed with the following output:
Change Dir: /home/changc/disk/pytorch/projects/advdn/kmcuda/src/CMakeFiles/CMakeTmp

Run Build Command:"/usr/bin/make" "cmTC_f8f85/fast"
/usr/bin/make -f CMakeFiles/cmTC_f8f85.dir/build.make CMakeFiles/cmTC_f8f85.dir/build
make[1]: Entering directory '/home/changc/disk/pytorch/projects/advdn/kmcuda/src/CMakeFiles/CMakeTmp'
Building C object CMakeFiles/cmTC_f8f85.dir/CheckSymbolExists.c.o
/usr/bin/cc    -fPIC    -o CMakeFiles/cmTC_f8f85.dir/CheckSymbolExists.c.o   -c /home/changc/disk/pytorch/projects/advdn/kmcuda/src/CMakeFiles/CMakeTmp/CheckSymbolExists.c
Linking C executable cmTC_f8f85
/usr/bin/cmake -E cmake_link_script CMakeFiles/cmTC_f8f85.dir/link.txt --verbose=1
/usr/bin/cc  -fPIC     CMakeFiles/cmTC_f8f85.dir/CheckSymbolExists.c.o  -o cmTC_f8f85 -rdynamic 
CMakeFiles/cmTC_f8f85.dir/CheckSymbolExists.c.o：在函数‘main’中：
CheckSymbolExists.c:(.text+0x1b)：对‘pthread_create’未定义的引用
collect2: error: ld returned 1 exit status
CMakeFiles/cmTC_f8f85.dir/build.make:97: recipe for target 'cmTC_f8f85' failed
make[1]: *** [cmTC_f8f85] Error 1
make[1]: Leaving directory '/home/changc/disk/pytorch/projects/advdn/kmcuda/src/CMakeFiles/CMakeTmp'
Makefile:126: recipe for target 'cmTC_f8f85/fast' failed
make: *** [cmTC_f8f85/fast] Error 2

File /home/changc/disk/pytorch/projects/advdn/kmcuda/src/CMakeFiles/CMakeTmp/CheckSymbolExists.c:
/* */
#include <pthread.h>

int main(int argc, char** argv)
{
  (void)argv;
#ifndef pthread_create
  return ((int*)(&pthread_create))[argc];
#else
  (void)argc;
  return 0;
#endif
}

Determining if the function pthread_create exists in the pthreads failed with the following output:
Change Dir: /home/changc/disk/pytorch/projects/advdn/kmcuda/src/CMakeFiles/CMakeTmp

Run Build Command:"/usr/bin/make" "cmTC_a21b0/fast"
/usr/bin/make -f CMakeFiles/cmTC_a21b0.dir/build.make CMakeFiles/cmTC_a21b0.dir/build
make[1]: Entering directory '/home/changc/disk/pytorch/projects/advdn/kmcuda/src/CMakeFiles/CMakeTmp'
Building C object CMakeFiles/cmTC_a21b0.dir/CheckFunctionExists.c.o
/usr/bin/cc    -fPIC -DCHECK_FUNCTION_EXISTS=pthread_create   -o CMakeFiles/cmTC_a21b0.dir/CheckFunctionExists.c.o   -c /usr/share/cmake-3.5/Modules/CheckFunctionExists.c
Linking C executable cmTC_a21b0
/usr/bin/cmake -E cmake_link_script CMakeFiles/cmTC_a21b0.dir/link.txt --verbose=1
/usr/bin/cc  -fPIC -DCHECK_FUNCTION_EXISTS=pthread_create    CMakeFiles/cmTC_a21b0.dir/CheckFunctionExists.c.o  -o cmTC_a21b0 -rdynamic -lpthreads 
/usr/bin/ld: 找不到 -lpthreads
collect2: error: ld returned 1 exit status
CMakeFiles/cmTC_a21b0.dir/build.make:97: recipe for target 'cmTC_a21b0' failed
make[1]: *** [cmTC_a21b0] Error 1
make[1]: Leaving directory '/home/changc/disk/pytorch/projects/advdn/kmcuda/src/CMakeFiles/CMakeTmp'
Makefile:126: recipe for target 'cmTC_a21b0/fast' failed
make: *** [cmTC_a21b0/fast] Error 2


